<?xml version="1.0" encoding="UTF-8"?>
<?xml-stylesheet type="text/xsl" href="ivy-report.xsl"?>
<ivy-report version="1.0">
	<info
		organisation="org.scala-lang"
		module="jline_2.9.2"
		revision="2.10.0-SNAPSHOT"
		conf="test"
		confs="compile, runtime, test, provided, optional, compile-internal, runtime-internal, test-internal, plugin, sources, docs, pom"
		date="20131229014858"/>
	<dependencies>
		<module organisation="com.novocode" name="junit-interface">
			<revision name="0.7" status="release" pubdate="20110529163256" resolver="junit interface repo" artresolver="junit interface repo" homepage="http://github.com/szeiger/junit-interface/" downloaded="false" searched="false" default="false" conf="default, compile, runtime, master" position="1">
				<license name="Two-clause BSD-style license" url="http://github.com/szeiger/junit-interface/blob/master/LICENSE.txt"/>
				<metadata-artifact status="no" details="" size="2745" time="0" location="/Users/andrevandelft/.ivy2/cache/com.novocode/junit-interface/ivy-0.7.xml" searched="false" origin-is-local="false" origin-location="https://repository.jboss.org/nexus/content/repositories/scala-tools-releases/com/novocode/junit-interface/0.7/junit-interface-0.7.pom"/>
				<caller organisation="org.scala-lang" name="jline_2.9.2" conf="test, compile, runtime" rev="0.7" rev-constraint-default="0.7" rev-constraint-dynamic="0.7" callerrev="2.10.0-SNAPSHOT"/>
				<artifacts>
					<artifact name="junit-interface" type="jar" ext="jar" status="no" details="" size="13047" time="0" location="/Users/andrevandelft/.ivy2/cache/com.novocode/junit-interface/jars/junit-interface-0.7.jar">
						<origin-location is-local="false" location="https://repository.jboss.org/nexus/content/repositories/scala-tools-releases/com/novocode/junit-interface/0.7/junit-interface-0.7.jar"/>
					</artifact>
				</artifacts>
			</revision>
		</module>
		<module organisation="org.scala-tools.testing" name="test-interface">
			<revision name="0.5" status="release" pubdate="20100328003658" resolver="sbt-chain" artresolver="sbt-chain" homepage="" downloaded="false" searched="false" default="false" conf="compile, master(*), runtime, compile(*), runtime(*), master" position="3">
				<metadata-artifact status="no" details="" size="2210" time="0" location="/Users/andrevandelft/.ivy2/cache/org.scala-tools.testing/test-interface/ivy-0.5.xml" searched="false" origin-is-local="false" origin-location="http://repo1.maven.org/maven2/org/scala-tools/testing/test-interface/0.5/test-interface-0.5.pom"/>
				<caller organisation="com.novocode" name="junit-interface" conf="default, compile, runtime, master" rev="0.5" rev-constraint-default="0.5" rev-constraint-dynamic="0.5" callerrev="0.7"/>
				<artifacts>
					<artifact name="test-interface" type="jar" ext="jar" status="no" details="" size="4407" time="0" location="/Users/andrevandelft/.ivy2/cache/org.scala-tools.testing/test-interface/jars/test-interface-0.5.jar">
						<origin-location is-local="false" location="http://repo1.maven.org/maven2/org/scala-tools/testing/test-interface/0.5/test-interface-0.5.jar"/>
					</artifact>
				</artifacts>
			</revision>
		</module>
		<module organisation="junit" name="junit">
			<revision name="4.8.2" status="release" pubdate="20101005105127" resolver="junit interface repo" artresolver="junit interface repo" homepage="http://junit.org" downloaded="false" searched="false" default="false" conf="compile, master(*), runtime, compile(*), runtime(*), master" position="2">
				<license name="Common Public License Version 1.0" url="http://www.opensource.org/licenses/cpl1.0.txt"/>
				<metadata-artifact status="no" details="" size="2420" time="0" location="/Users/andrevandelft/.ivy2/cache/junit/junit/ivy-4.8.2.xml" searched="false" origin-is-local="false" origin-location="https://repository.jboss.org/nexus/content/repositories/scala-tools-releases/junit/junit/4.8.2/junit-4.8.2.pom"/>
				<caller organisation="com.novocode" name="junit-interface" conf="default, compile, runtime, master" rev="4.8.2" rev-constraint-default="4.8.2" rev-constraint-dynamic="4.8.2" callerrev="0.7"/>
				<artifacts>
					<artifact name="junit" type="jar" ext="jar" status="no" details="" size="237344" time="0" location="/Users/andrevandelft/.ivy2/cache/junit/junit/jars/junit-4.8.2.jar">
						<origin-location is-local="false" location="https://repository.jboss.org/nexus/content/repositories/scala-tools-releases/junit/junit/4.8.2/junit-4.8.2.jar"/>
					</artifact>
				</artifacts>
			</revision>
		</module>
		<module organisation="org.fusesource.jansi" name="jansi">
			<revision name="1.4" status="release" pubdate="20100715162157" resolver="sbt-chain" artresolver="sbt-chain" homepage="http://${forge-project-id}.fusesource.org" downloaded="false" searched="false" default="false" conf="default(compile), default, compile, runtime, master" position="0">
				<license name="The Apache Software License, Version 2.0" url="http://www.apache.org/licenses/LICENSE-2.0.txt"/>
				<metadata-artifact status="no" details="" size="3355" time="0" location="/Users/andrevandelft/.ivy2/cache/org.fusesource.jansi/jansi/ivy-1.4.xml" searched="false" origin-is-local="false" origin-location="http://repo1.maven.org/maven2/org/fusesource/jansi/jansi/1.4/jansi-1.4.pom"/>
				<caller organisation="org.scala-lang" name="jline_2.9.2" conf="test, compile, runtime" rev="1.4" rev-constraint-default="1.4" rev-constraint-dynamic="1.4" callerrev="2.10.0-SNAPSHOT"/>
				<artifacts>
					<artifact name="jansi" type="jar" ext="jar" status="no" details="" size="106659" time="0" location="/Users/andrevandelft/.ivy2/cache/org.fusesource.jansi/jansi/jars/jansi-1.4.jar">
						<origin-location is-local="false" location="http://repo1.maven.org/maven2/org/fusesource/jansi/jansi/1.4/jansi-1.4.jar"/>
					</artifact>
				</artifacts>
			</revision>
		</module>
	</dependencies>
</ivy-report>
